TN:
SF:src/domain/category.entity.ts
FN:15,<instance_members_initializer>
FN:22,Category
FN:31,create
FN:35,changeName
FN:39,changeDescription
FN:43,activate
FN:47,deactivate
FN:51,toJSON
FNF:8
FNH:8
FNDA:11,<instance_members_initializer>
FNDA:11,Category
FNDA:2,create
FNDA:1,changeName
FNDA:1,changeDescription
FNDA:1,activate
FNDA:1,deactivate
FNDA:1,toJSON
DA:1,1
DA:2,1
DA:3,1
DA:4,1
DA:5,1
DA:6,1
DA:7,1
DA:8,1
DA:9,1
DA:10,1
DA:11,1
DA:12,1
DA:13,1
DA:14,1
DA:15,1
DA:16,11
DA:17,11
DA:18,11
DA:19,11
DA:20,11
DA:21,11
DA:22,11
DA:23,11
DA:24,11
DA:25,11
DA:26,11
DA:27,11
DA:28,11
DA:29,11
DA:30,11
DA:31,11
DA:32,2
DA:33,2
DA:34,11
DA:35,11
DA:36,1
DA:37,1
DA:38,11
DA:39,11
DA:40,1
DA:41,1
DA:42,11
DA:43,11
DA:44,1
DA:45,1
DA:46,11
DA:47,11
DA:48,1
DA:49,1
DA:50,11
DA:51,11
DA:52,1
DA:53,1
DA:54,1
DA:55,1
DA:56,1
DA:57,1
DA:58,1
DA:59,1
DA:60,11
DA:61,11
LF:61
LH:61
BRDA:15,0,0,11
BRDA:22,1,0,11
BRDA:25,2,0,6
BRDA:26,3,0,5
BRDA:31,4,0,2
BRDA:35,5,0,1
BRDA:39,6,0,1
BRDA:43,7,0,1
BRDA:47,8,0,1
BRDA:51,9,0,1
BRF:10
BRH:10
end_of_record
